r = 617253333589
p = 994922137127
card = 994921010985
n = 139
Time = 173.497604
r = 719430151177
p = 994922137127
card = 994921639960
n = 139
Time = 194.280533
r = 612876626770
p = 994922137127
card = 994923366757
n = 139
Time = 53.218571
r = 317029423299
p = 994922137127
card = 994922434067
n = 139
Time = 6.038242
r = 35927168967
p = 994922137127
card = 994922038056
n = 139
Time = 71.196739
r = 1011557314968
p = 994922137127
card = 994920453456
n = 139
Time = 14.323384
r = 203534355198
p = 994922137127
card = 994922828688
n = 139
Time = 172.949341
r = 673640482729
p = 994922137127
card = 994922806448
n = 139
Time = 76.636963
r = 6911675120
p = 994922137127
card = 994923422079
n = 139
Time = 55.557953
r = 242361779868
p = 994922137127
card = 994922651046
n = 139
Time = 69.598434
r = 747199919248
p = 994922137127
card = 994921610214
n = 139
Time = 83.480331
r = 1001666528356
p = 994922137127
card = 994920763009
n = 139
Time = 0.663694
r = 174281346029
p = 994922137127
card = 994922131881
n = 139
Time = 124.157776
r = 802078706319
p = 994922137127
card = 994921609936
n = 139
Time = 1.901817
r = 239189250764
p = 994922137127
card = 994922413912
n = 139
Time = 148.343658
r = 671030889688
p = 994922137127
card = 994923062069
n = 139
Time = 324.198425
r = 237648778944
p = 994922137127
card = 994922329956
n = 139
Time = 67.982613
r = 430522378045
p = 994922137127
card = 994923588740
n = 139
Time = 22.597385
r = 903433343976
p = 994922137127
card = 994921178758
n = 139
Time = 30.708424
r = 432834023733
p = 994922137127
card = 994923641838
n = 139
Time = 133.998871
r = 354346216649
p = 994922137127
card = 994922601284
n = 139
Time = 182.002426
r = 783468726002
p = 994922137127
card = 994921980510
n = 139
Time = 35.128567
r = 451990062808
p = 994922137127
card = 994922855098
n = 139
Time = 101.058464
r = 1021222737289
p = 994922137127
card = 994921543216
n = 139
Time = 78.070427
